{"message":"Fri Mar 05 2021 09:00:33 GMT+0000 - Login Failed - Invalid UserName!\" ","level":"error","timestamp":"2021-03-05T09:00:33.900Z"}
{"message":"Sun Mar 07 2021 11:19:41 GMT+0000 - create vacation Failed - result is not defined ","level":"error","timestamp":"2021-03-07T11:19:43.879Z"}
{"message":"Sun Mar 07 2021 11:21:26 GMT+0000 - create vacation Failed - result is not defined ","level":"error","timestamp":"2021-03-07T11:21:29.480Z"}
{"message":"Sun Mar 07 2021 22:42:59 GMT+0000 - create vacation Failed -  ","level":"error","timestamp":"2021-03-07T22:43:03.726Z"}
{"message":"Sun Mar 07 2021 22:43:46 GMT+0000 - create vacation Failed -  ","level":"error","timestamp":"2021-03-07T22:43:51.270Z"}
{"message":"Sun Mar 07 2021 22:44:35 GMT+0000 - create vacation Failed - No files ! ","level":"error","timestamp":"2021-03-07T22:44:36.830Z"}
{"message":"Sun Mar 07 2021 22:45:01 GMT+0000 - create vacation Failed - Cannot read property 'path' of undefined ","level":"error","timestamp":"2021-03-07T22:45:03.843Z"}
{"message":"Sun Mar 07 2021 22:45:01 GMT+0000 - create vacation Failed - Cannot read property 'path' of undefined ","level":"error","timestamp":"2021-03-08T08:44:55.744Z"}
{"message":"Mon Mar 08 2021 15:19:03 GMT+0000 - edit vacation Failed - Incorrect arguments to mysqld_stmt_execute ","level":"error","timestamp":"2021-03-08T15:19:19.688Z"}
{"message":"Mon Mar 08 2021 15:20:24 GMT+0000 - edit vacation Failed - Incorrect arguments to mysqld_stmt_execute ","level":"error","timestamp":"2021-03-08T15:20:28.469Z"}
{"message":"Mon Mar 08 2021 15:20:54 GMT+0000 - edit vacation Failed - Incorrect arguments to mysqld_stmt_execute ","level":"error","timestamp":"2021-03-08T15:20:55.979Z"}
{"message":"Mon Mar 08 2021 15:25:51 GMT+0000 - edit vacation Failed - Incorrect arguments to mysqld_stmt_execute ","level":"error","timestamp":"2021-03-08T15:26:00.954Z"}
{"message":"Mon Mar 08 2021 15:26:58 GMT+0000 - edit vacation Failed - Incorrect arguments to mysqld_stmt_execute ","level":"error","timestamp":"2021-03-08T15:27:00.046Z"}
{"message":"Mon Mar 08 2021 15:27:38 GMT+0000 - edit vacation Failed - Incorrect arguments to mysqld_stmt_execute ","level":"error","timestamp":"2021-03-08T15:27:40.558Z"}
{"message":"Mon Mar 08 2021 15:27:47 GMT+0000 - edit vacation Failed - Incorrect arguments to mysqld_stmt_execute ","level":"error","timestamp":"2021-03-08T15:27:49.667Z"}
{"message":"Mon Mar 08 2021 15:28:09 GMT+0000 - edit vacation Failed - Incorrect arguments to mysqld_stmt_execute ","level":"error","timestamp":"2021-03-08T15:28:27.872Z"}
{"message":"Mon Mar 08 2021 15:28:57 GMT+0000 - edit vacation Failed - Incorrect arguments to mysqld_stmt_execute ","level":"error","timestamp":"2021-03-08T15:28:57.892Z"}
{"message":"Mon Mar 08 2021 15:29:23 GMT+0000 - edit vacation Failed - Incorrect arguments to mysqld_stmt_execute ","level":"error","timestamp":"2021-03-08T15:29:24.512Z"}
{"message":"Mon Mar 08 2021 15:29:23 GMT+0000 - edit vacation Failed - Incorrect arguments to mysqld_stmt_execute ","level":"error","timestamp":"2021-03-08T21:43:27.801Z"}
{"message":"Mon Mar 08 2021 21:43:54 GMT+0000 - edit vacation Failed - Incorrect arguments to mysqld_stmt_execute ","level":"error","timestamp":"2021-03-08T21:43:57.624Z"}
{"message":"Mon Mar 08 2021 21:44:37 GMT+0000 - edit vacation Failed - Incorrect arguments to mysqld_stmt_execute ","level":"error","timestamp":"2021-03-08T21:44:41.943Z"}
{"message":"Mon Mar 08 2021 21:47:08 GMT+0000 - edit vacation Failed - Incorrect arguments to mysqld_stmt_execute ","level":"error","timestamp":"2021-03-08T21:47:42.219Z"}
{"message":"Mon Mar 08 2021 21:49:31 GMT+0000 - edit vacation Failed - Incorrect arguments to mysqld_stmt_execute ","level":"error","timestamp":"2021-03-08T21:49:36.506Z"}
{"message":"Mon Mar 08 2021 21:50:00 GMT+0000 - edit vacation Failed - Incorrect arguments to mysqld_stmt_execute ","level":"error","timestamp":"2021-03-08T21:50:02.052Z"}
{"message":"Mon Mar 08 2021 21:50:28 GMT+0000 - edit vacation Failed - Incorrect arguments to mysqld_stmt_execute ","level":"error","timestamp":"2021-03-08T21:50:30.577Z"}
{"message":"Mon Mar 08 2021 21:52:18 GMT+0000 - edit vacation Failed - Incorrect arguments to mysqld_stmt_execute ","level":"error","timestamp":"2021-03-08T21:52:22.546Z"}
{"message":"Mon Mar 08 2021 21:53:45 GMT+0000 - edit vacation Failed - some thing went wrong ","level":"error","timestamp":"2021-03-08T21:53:48.743Z"}
{"message":"Mon Mar 08 2021 21:54:51 GMT+0000 - edit vacation Failed - Incorrect arguments to mysqld_stmt_execute ","level":"error","timestamp":"2021-03-08T21:54:56.338Z"}
{"message":"Mon Mar 08 2021 21:55:41 GMT+0000 - edit vacation Failed - Incorrect arguments to mysqld_stmt_execute ","level":"error","timestamp":"2021-03-08T21:55:45.199Z"}
{"message":"Mon Mar 08 2021 21:59:55 GMT+0000 - edit vacation Failed - Unknown column '100' in 'field list' ","level":"error","timestamp":"2021-03-08T21:59:59.105Z"}
{"message":"Mon Mar 08 2021 22:00:21 GMT+0000 - edit vacation Failed - Unknown column '100' in 'field list' ","level":"error","timestamp":"2021-03-08T22:00:23.255Z"}
{"message":"Mon Mar 08 2021 22:01:08 GMT+0000 - edit vacation Failed - Incorrect arguments to mysqld_stmt_execute ","level":"error","timestamp":"2021-03-08T22:01:12.230Z"}
{"message":"Mon Mar 08 2021 22:01:22 GMT+0000 - edit vacation Failed - Incorrect arguments to mysqld_stmt_execute ","level":"error","timestamp":"2021-03-08T22:01:23.588Z"}
{"message":"Mon Mar 08 2021 22:01:42 GMT+0000 - edit vacation Failed - Incorrect arguments to mysqld_stmt_execute ","level":"error","timestamp":"2021-03-08T22:01:43.853Z"}
{"message":"Mon Mar 08 2021 22:02:05 GMT+0000 - edit vacation Failed - some thing went wrong ","level":"error","timestamp":"2021-03-08T22:02:07.378Z"}
{"message":"Mon Mar 08 2021 22:02:28 GMT+0000 - edit vacation Failed - Incorrect arguments to mysqld_stmt_execute ","level":"error","timestamp":"2021-03-08T22:02:31.769Z"}
{"message":"Mon Mar 08 2021 22:03:57 GMT+0000 - edit vacation Failed - Incorrect arguments to mysqld_stmt_execute ","level":"error","timestamp":"2021-03-08T22:04:01.122Z"}
{"message":"Mon Mar 08 2021 22:05:04 GMT+0000 - edit vacation Failed - Incorrect arguments to mysqld_stmt_execute ","level":"error","timestamp":"2021-03-08T22:05:07.339Z"}
{"message":"Mon Mar 08 2021 22:05:28 GMT+0000 - edit vacation Failed - some thing went wrong ","level":"error","timestamp":"2021-03-08T22:05:29.854Z"}
{"message":"Mon Mar 08 2021 22:14:18 GMT+0000 - edit vacation Failed - some thing went wrong ","level":"error","timestamp":"2021-03-08T22:14:59.112Z"}
{"message":"Mon Mar 08 2021 22:16:29 GMT+0000 - edit vacation Failed - Cannot add or update a child row: a foreign key constraint fails (`vacation-app`.`images`, CONSTRAINT `imgVacation` FOREIGN KEY (`vacationId`) REFERENCES `vacation` (`id`) ON DELETE NO ACTION ON UPDATE NO ACTION) ","level":"error","timestamp":"2021-03-08T22:16:31.371Z"}
{"message":"Mon Mar 08 2021 22:16:29 GMT+0000 - edit vacation Failed - Cannot add or update a child row: a foreign key constraint fails (`vacation-app`.`images`, CONSTRAINT `imgVacation` FOREIGN KEY (`vacationId`) REFERENCES `vacation` (`id`) ON DELETE NO ACTION ON UPDATE NO ACTION) ","level":"error","timestamp":"2021-03-08T22:17:28.939Z"}
{"message":"Mon Mar 08 2021 22:16:29 GMT+0000 - edit vacation Failed - some thing went wrong ","level":"error","timestamp":"2021-03-08T22:18:08.281Z"}
{"message":"Mon Mar 08 2021 22:18:42 GMT+0000 - edit vacation Failed - Cannot add or update a child row: a foreign key constraint fails (`vacation-app`.`images`, CONSTRAINT `imgVacation` FOREIGN KEY (`vacationId`) REFERENCES `vacation` (`id`) ON DELETE NO ACTION ON UPDATE NO ACTION) ","level":"error","timestamp":"2021-03-08T22:19:28.136Z"}
{"message":"Wed Mar 10 2021 09:02:53 GMT+0000 - get vacations Failed - Cannot read property 'userName' of undefined ","level":"error","timestamp":"2021-03-10T09:03:01.816Z"}
{"message":"Wed Mar 10 2021 09:02:53 GMT+0000 - get vacations Failed - Cannot read property 'userName' of undefined ","level":"error","timestamp":"2021-03-10T09:03:30.925Z"}
{"message":"Wed Mar 10 2021 13:14:30 GMT+0000 - Login Failed - Invalid UserName!\" ","level":"error","timestamp":"2021-03-11T12:36:50.801Z"}
{"message":"Wed Mar 10 2021 13:14:30 GMT+0000 - Login Failed - Invalid UserName!\" ","level":"error","timestamp":"2021-03-11T12:37:28.790Z"}
{"message":"Wed Mar 10 2021 13:14:30 GMT+0000 - Login Failed - Invalid UserName!\" ","level":"error","timestamp":"2021-03-11T12:37:44.691Z"}
{"message":"Wed Mar 10 2021 13:14:30 GMT+0000 - Login Failed - Invalid UserName!\" ","level":"error","timestamp":"2021-03-11T12:38:08.566Z"}
{"message":"Wed Mar 10 2021 13:14:30 GMT+0000 - Login Failed - Invalid UserName!\" ","level":"error","timestamp":"2021-03-11T12:38:11.772Z"}
{"message":"Wed Mar 10 2021 13:14:30 GMT+0000 - Login Failed - Invalid UserName!\" ","level":"error","timestamp":"2021-03-11T12:38:56.433Z"}
{"message":"Thu Mar 11 2021 15:30:32 GMT+0000 - Login Failed - Invalid Password!\" ","level":"error","timestamp":"2021-03-11T15:31:49.695Z"}
{"message":"Thu Mar 11 2021 15:33:07 GMT+0000 - Login Failed - Invalid UserName!\" ","level":"error","timestamp":"2021-03-11T15:33:14.138Z"}
{"message":"Thu Mar 11 2021 15:33:07 GMT+0000 - Login Failed - Invalid UserName!\" ","level":"error","timestamp":"2021-03-11T15:33:17.825Z"}
{"message":"Thu Mar 11 2021 15:33:07 GMT+0000 - Login Failed - Invalid UserName!\" ","level":"error","timestamp":"2021-03-11T19:12:08.343Z"}
{"message":"Thu Mar 11 2021 19:29:25 GMT+0000 - Login Failed - Invalid Password!\" ","level":"error","timestamp":"2021-03-11T19:29:38.597Z"}
{"message":"Thu Mar 11 2021 19:41:54 GMT+0000 - Login Failed - Invalid Password!\" ","level":"error","timestamp":"2021-03-11T19:42:03.001Z"}
{"message":"Thu Mar 11 2021 19:41:54 GMT+0000 - Login Failed - Invalid Password!\" ","level":"error","timestamp":"2021-03-11T19:44:04.297Z"}
{"message":"Thu Mar 11 2021 19:41:54 GMT+0000 - Login Failed - Invalid Password!\" ","level":"error","timestamp":"2021-03-11T19:45:20.606Z"}
{"message":"Thu Mar 11 2021 19:41:54 GMT+0000 - Login Failed - Invalid Password!\" ","level":"error","timestamp":"2021-03-11T19:45:27.561Z"}
{"message":"Thu Mar 11 2021 19:41:54 GMT+0000 - Login Failed - Invalid Password!\" ","level":"error","timestamp":"2021-03-11T19:58:33.070Z"}
{"message":"Thu Mar 11 2021 19:41:54 GMT+0000 - get vacations Failed - Too many connections ","level":"error","timestamp":"2021-03-12T10:53:24.409Z"}
{"message":"Thu Mar 11 2021 19:41:54 GMT+0000 - get vacations Failed - Too many connections ","level":"error","timestamp":"2021-03-12T10:53:26.423Z"}
{"message":"Thu Mar 11 2021 19:41:54 GMT+0000 - get vacations Failed - Too many connections ","level":"error","timestamp":"2021-03-12T10:53:26.425Z"}
{"message":"Thu Mar 11 2021 19:41:54 GMT+0000 - get vacations Failed - Too many connections ","level":"error","timestamp":"2021-03-12T10:53:26.430Z"}
{"message":"Thu Mar 11 2021 19:41:54 GMT+0000 - get vacations Failed - Too many connections ","level":"error","timestamp":"2021-03-12T10:53:27.222Z"}
{"message":"Thu Mar 11 2021 19:41:54 GMT+0000 - get vacations Failed - Too many connections ","level":"error","timestamp":"2021-03-12T10:53:47.217Z"}
{"message":"Thu Mar 11 2021 19:41:54 GMT+0000 - get vacations Failed - Too many connections ","level":"error","timestamp":"2021-03-12T10:53:47.220Z"}
{"message":"Thu Mar 11 2021 19:41:54 GMT+0000 - get vacations Failed - Too many connections ","level":"error","timestamp":"2021-03-12T10:53:47.232Z"}
{"message":"Thu Mar 11 2021 19:41:54 GMT+0000 - get vacations Failed - Too many connections ","level":"error","timestamp":"2021-03-12T10:53:47.233Z"}
{"message":"Thu Mar 11 2021 19:41:54 GMT+0000 - get vacations Failed - Too many connections ","level":"error","timestamp":"2021-03-12T10:53:47.243Z"}
{"message":"Thu Mar 11 2021 19:41:54 GMT+0000 - get vacations Failed - Too many connections ","level":"error","timestamp":"2021-03-12T10:53:53.720Z"}
{"message":"Thu Mar 11 2021 19:41:54 GMT+0000 - get vacations Failed - Too many connections ","level":"error","timestamp":"2021-03-12T10:53:53.734Z"}
{"message":"Thu Mar 11 2021 19:41:54 GMT+0000 - get vacations Failed - Too many connections ","level":"error","timestamp":"2021-03-12T10:53:53.734Z"}
{"message":"Thu Mar 11 2021 19:41:54 GMT+0000 - get vacations Failed - Too many connections ","level":"error","timestamp":"2021-03-12T10:53:53.746Z"}
{"message":"Thu Mar 11 2021 19:41:54 GMT+0000 - get vacations Failed - Too many connections ","level":"error","timestamp":"2021-03-12T10:53:53.763Z"}
{"message":"Thu Mar 11 2021 19:41:54 GMT+0000 - get vacations Failed - Too many connections ","level":"error","timestamp":"2021-03-12T10:53:53.774Z"}
{"message":"Thu Mar 11 2021 19:41:54 GMT+0000 - get vacations Failed - Too many connections ","level":"error","timestamp":"2021-03-12T10:53:53.774Z"}
{"message":"Thu Mar 11 2021 19:41:54 GMT+0000 - get vacations Failed - Too many connections ","level":"error","timestamp":"2021-03-12T10:53:53.778Z"}
{"message":"Thu Mar 11 2021 19:41:54 GMT+0000 - get vacations Failed - Too many connections ","level":"error","timestamp":"2021-03-12T10:53:53.790Z"}
{"message":"Thu Mar 11 2021 19:41:54 GMT+0000 - get vacations Failed - Too many connections ","level":"error","timestamp":"2021-03-12T10:53:54.284Z"}
{"message":"Thu Mar 11 2021 19:41:54 GMT+0000 - get vacations Failed - Too many connections ","level":"error","timestamp":"2021-03-12T10:54:07.969Z"}
{"message":"Thu Mar 11 2021 19:41:54 GMT+0000 - Login Failed - Too many connections ","level":"error","timestamp":"2021-03-12T10:54:11.594Z"}
{"message":"Sun Mar 14 2021 10:36:01 GMT+0000 - Login Failed - \"exp\" should be a number of seconds ","level":"error","timestamp":"2021-03-14T10:36:14.403Z"}
{"message":"Tue Mar 16 2021 09:15:11 GMT+0000 - Login Failed - Invalid UserName!\" ","level":"error","timestamp":"2021-03-16T10:01:23.283Z"}
{"message":"Wed Mar 17 2021 22:05:14 GMT+0000 - create vacation Failed - Cannot read property 'path' of undefined ","level":"error","timestamp":"2021-03-17T22:05:26.947Z"}
{"message":"Wed Mar 17 2021 22:08:09 GMT+0000 - create vacation Failed - Cannot read property 'path' of undefined ","level":"error","timestamp":"2021-03-17T22:08:22.443Z"}
{"message":"Thu Mar 18 2021 09:59:12 GMT+0000 - create vacation Failed - Cannot read property 'path' of undefined ","level":"error","timestamp":"2021-03-18T09:59:25.560Z"}
{"message":"Thu Mar 18 2021 09:59:57 GMT+0000 - create vacation Failed - Cannot read property 'path' of undefined ","level":"error","timestamp":"2021-03-18T10:00:13.363Z"}
{"message":"Sun Mar 21 2021 10:12:39 GMT+0000 - create vacation Failed - Incorrect datetime value: 'Wed Mar 10 2021 13:22:00 GMT+0200 (Israel Standard Time)' for column 'startAt' at row 1 ","level":"error","timestamp":"2021-03-21T11:22:45.640Z"}
{"message":"Sun Mar 21 2021 10:12:39 GMT+0000 - create vacation Failed - Incorrect datetime value: 'Sun Mar 21 2021 13:30:35 GMT+0200 (Israel Standard Time)' for column 'startAt' at row 1 ","level":"error","timestamp":"2021-03-21T11:31:23.916Z"}
{"message":"Sun Mar 21 2021 10:12:39 GMT+0000 - create vacation Failed - Incorrect datetime value: 'Sun Mar 21 2021 13:31:57 GMT+0200 (Israel Standard Time)' for column 'startAt' at row 1 ","level":"error","timestamp":"2021-03-21T11:32:07.896Z"}
{"message":"Sun Mar 21 2021 12:22:24 GMT+0000 - edit vacation Failed - Incorrect datetime value: '2021-03-14T22:00:00.000Z' for column 'startAt' at row 1 ","level":"error","timestamp":"2021-03-21T12:22:26.525Z"}
{"message":"Sun Mar 21 2021 12:22:24 GMT+0000 - edit vacation Failed - Cannot read property 'path' of undefined ","level":"error","timestamp":"2021-03-21T12:24:03.348Z"}
{"message":"Sun Mar 21 2021 12:26:20 GMT+0000 - edit vacation Failed - Cannot add or update a child row: a foreign key constraint fails (`vacation-app`.`images`, CONSTRAINT `vacationId` FOREIGN KEY (`vacationId`) REFERENCES `vacation` (`id`) ON DELETE CASCADE ON UPDATE NO ACTION) ","level":"error","timestamp":"2021-03-21T12:26:44.158Z"}
{"message":"Sun Mar 21 2021 12:26:20 GMT+0000 - edit vacation Failed - Cannot add or update a child row: a foreign key constraint fails (`vacation-app`.`images`, CONSTRAINT `vacationId` FOREIGN KEY (`vacationId`) REFERENCES `vacation` (`id`) ON DELETE CASCADE ON UPDATE CASCADE) ","level":"error","timestamp":"2021-03-21T12:27:43.474Z"}
{"message":"Sun Mar 21 2021 12:27:55 GMT+0000 - edit vacation Failed - Cannot add or update a child row: a foreign key constraint fails (`vacation-app`.`images`, CONSTRAINT `vacationId` FOREIGN KEY (`vacationId`) REFERENCES `vacation` (`id`) ON DELETE CASCADE ON UPDATE CASCADE) ","level":"error","timestamp":"2021-03-21T12:28:12.162Z"}
{"message":"Sun Mar 21 2021 17:00:18 GMT+0000 - create vacation Failed - Incorrect datetime value: 'Sun Mar 21 2021 19:24:03 GMT+0200 (Israel Standard Time)' for column 'startAt' at row 1 ","level":"error","timestamp":"2021-03-21T17:24:11.587Z"}
{"message":"Sun Mar 21 2021 17:00:18 GMT+0000 - create vacation Failed - Incorrect datetime value: 'Sun Mar 21 2021 19:34:36 GMT+0200 (Israel Standard Time)' for column 'endAt' at row 1 ","level":"error","timestamp":"2021-03-21T17:35:12.307Z"}
{"message":"Sun Mar 21 2021 17:52:58 GMT+0000 - Login Failed - Invalid Password!\" ","level":"error","timestamp":"2021-03-21T18:13:22.350Z"}
{"message":"Sun Mar 21 2021 18:49:42 GMT+0000 - Login Failed - Invalid Password!\" ","level":"error","timestamp":"2021-03-21T18:49:58.421Z"}
{"message":"Sun Mar 21 2021 18:49:42 GMT+0000 - edit vacation Failed - Cannot read property 'path' of undefined ","level":"error","timestamp":"2021-03-21T19:20:21.745Z"}
{"message":"Sun Mar 21 2021 18:49:42 GMT+0000 - edit vacation Failed - Cannot read property 'path' of undefined ","level":"error","timestamp":"2021-03-21T19:21:21.261Z"}
{"message":"Sun Mar 21 2021 18:49:42 GMT+0000 - edit vacation Failed - Cannot read property 'path' of undefined ","level":"error","timestamp":"2021-03-21T19:22:00.329Z"}
{"message":"Sun Mar 21 2021 18:49:42 GMT+0000 - edit vacation Failed - Cannot add or update a child row: a foreign key constraint fails (`vacation-app`.`images`, CONSTRAINT `vacationId` FOREIGN KEY (`vacationId`) REFERENCES `vacation` (`id`) ON DELETE CASCADE ON UPDATE CASCADE) ","level":"error","timestamp":"2021-03-21T19:22:14.820Z"}
{"message":"Sun Mar 21 2021 19:24:27 GMT+0000 - edit vacation Failed - Cannot add or update a child row: a foreign key constraint fails (`vacation-app`.`images`, CONSTRAINT `vacationId` FOREIGN KEY (`vacationId`) REFERENCES `vacation` (`id`) ON DELETE CASCADE ON UPDATE CASCADE) ","level":"error","timestamp":"2021-03-21T19:24:36.199Z"}
{"message":"Sun Mar 21 2021 19:25:50 GMT+0000 - edit vacation Failed - Cannot add or update a child row: a foreign key constraint fails (`vacation-app`.`images`, CONSTRAINT `vacationId` FOREIGN KEY (`vacationId`) REFERENCES `vacation` (`id`) ON DELETE CASCADE ON UPDATE NO ACTION) ","level":"error","timestamp":"2021-03-21T19:26:01.289Z"}
{"message":"Sun Mar 21 2021 19:28:38 GMT+0000 - edit vacation Failed - Cannot read property 'path' of undefined ","level":"error","timestamp":"2021-03-21T19:30:34.570Z"}
{"message":"Sun Mar 21 2021 20:04:16 GMT+0000 - edit vacation Failed - imagePath is not defined ","level":"error","timestamp":"2021-03-21T20:04:31.005Z"}
{"message":"Sun Mar 21 2021 20:06:08 GMT+0000 - edit vacation Failed - imagePath is not defined ","level":"error","timestamp":"2021-03-21T20:06:26.776Z"}
{"message":"Sun Mar 21 2021 20:07:12 GMT+0000 - edit vacation Failed - Cannot read property 'imagePath' of undefined ","level":"error","timestamp":"2021-03-21T20:07:30.225Z"}
{"message":"Sun Mar 21 2021 20:07:45 GMT+0000 - edit vacation Failed - Cannot read property 'imagePath' of undefined ","level":"error","timestamp":"2021-03-21T20:07:50.600Z"}
{"message":"Sun Mar 21 2021 20:08:08 GMT+0000 - edit vacation Failed - updatePhotoToDB is not defined ","level":"error","timestamp":"2021-03-21T20:08:13.639Z"}
{"message":"Sun Mar 21 2021 20:08:38 GMT+0000 - edit vacation Failed - ENOENT: no such file or directory, unlink 'images/israel-1616348133224.jpg' ","level":"error","timestamp":"2021-03-21T20:08:46.964Z"}
{"message":"Mon Mar 22 2021 08:47:41 GMT+0000 - create vacation Failed - Incorrect datetime value: 'Mon Mar 22 2021 12:02:39 GMT+0200 (IST)' for column 'startAt' at row 1 ","level":"error","timestamp":"2021-03-22T10:02:50.842Z"}
{"message":"Mon Mar 22 2021 14:41:18 GMT+0000 - Login Failed - Invalid Password!\" ","level":"error","timestamp":"2021-03-22T14:42:04.803Z"}
{"message":"Mon Mar 22 2021 14:43:48 GMT+0000 - get vacations Failed - \"\n  SELECT \n    vacation.destination AS destination,\n    vacation.description AS description,\n    vacation.startAt AS startAt,\n    vacation.endAt AS endAt,\n    vacation.price AS price,\n    vacation.createdAt AS createdAt,\n    vacation.updatedAt AS updatedAt,\n    images.imagePath AS image,\n    followers.vacation_Id AS vacationId,\n    COUNT(vacation_Id) AS numberOfFollowers\nFROM\n    followers\n        RIGHT JOIN\n    vacation ON followers.vacation_Id = vacation.id\n        RIGHT JOIN\n    images ON vacation.id = images.vacationId\nGROUP BY destination , description , startAt , endAt , price , createdAt , updatedAt , image  , vacationId\nORDER BY followers.user_id = ? DESC\" is not a function ","level":"error","timestamp":"2021-03-22T14:44:13.999Z"}
{"message":"Mon Mar 22 2021 14:43:48 GMT+0000 - get vacations Failed - \"\n  SELECT \n    vacation.destination AS destination,\n    vacation.description AS description,\n    vacation.startAt AS startAt,\n    vacation.endAt AS endAt,\n    vacation.price AS price,\n    vacation.createdAt AS createdAt,\n    vacation.updatedAt AS updatedAt,\n    images.imagePath AS image,\n    followers.vacation_Id AS vacationId,\n    COUNT(vacation_Id) AS numberOfFollowers\nFROM\n    followers\n        RIGHT JOIN\n    vacation ON followers.vacation_Id = vacation.id\n        RIGHT JOIN\n    images ON vacation.id = images.vacationId\nGROUP BY destination , description , startAt , endAt , price , createdAt , updatedAt , image  , vacationId\nORDER BY followers.user_id = ? DESC\" is not a function ","level":"error","timestamp":"2021-03-22T14:45:38.618Z"}
{"message":"Mon Mar 22 2021 14:43:48 GMT+0000 - get vacations Failed - \"\n  SELECT \n    vacation.destination AS destination,\n    vacation.description AS description,\n    vacation.startAt AS startAt,\n    vacation.endAt AS endAt,\n    vacation.price AS price,\n    vacation.createdAt AS createdAt,\n    vacation.updatedAt AS updatedAt,\n    images.imagePath AS image,\n    followers.vacation_Id AS vacationId,\n    COUNT(vacation_Id) AS numberOfFollowers\nFROM\n    followers\n        RIGHT JOIN\n    vacation ON followers.vacation_Id = vacation.id\n        RIGHT JOIN\n    images ON vacation.id = images.vacationId\nGROUP BY destination , description , startAt , endAt , price , createdAt , updatedAt , image  , vacationId\nORDER BY followers.user_id = ? DESC\" is not a function ","level":"error","timestamp":"2021-03-22T14:47:04.178Z"}
{"message":"Mon Mar 22 2021 14:47:10 GMT+0000 - get vacations Failed - Expression #1 of ORDER BY clause is not in GROUP BY clause and contains nonaggregated column 'vacation-app.followers.user_Id' which is not functionally dependent on columns in GROUP BY clause; this is incompatible with sql_mode=only_full_group_by ","level":"error","timestamp":"2021-03-22T14:47:14.559Z"}
{"message":"Mon Mar 22 2021 14:47:10 GMT+0000 - get vacations Failed - Expression #1 of ORDER BY clause is not in GROUP BY clause and contains nonaggregated column 'vacation-app.followers.user_Id' which is not functionally dependent on columns in GROUP BY clause; this is incompatible with sql_mode=only_full_group_by ","level":"error","timestamp":"2021-03-22T14:49:14.515Z"}
{"message":"Mon Mar 22 2021 22:40:16 GMT+0000 - get vacations Failed - Unknown column 'follower' in 'group statement' ","level":"error","timestamp":"2021-03-22T22:40:19.352Z"}
{"message":"Mon Mar 22 2021 22:40:32 GMT+0000 - get vacations Failed - Unknown column 'follower' in 'group statement' ","level":"error","timestamp":"2021-03-22T22:40:35.930Z"}
{"message":"Mon Mar 22 2021 22:40:49 GMT+0000 - get vacations Failed - Unknown column 'follower' in 'group statement' ","level":"error","timestamp":"2021-03-22T22:40:55.262Z"}
{"message":"Mon Mar 22 2021 22:41:28 GMT+0000 - get vacations Failed - Unknown column 'follower' in 'group statement' ","level":"error","timestamp":"2021-03-22T22:41:34.602Z"}
{"message":"Mon Mar 22 2021 22:42:43 GMT+0000 - get vacations Failed - Expression #10 of SELECT list is not in GROUP BY clause and contains nonaggregated column 'vacation-app.followers.user_Id' which is not functionally dependent on columns in GROUP BY clause; this is incompatible with sql_mode=only_full_group_by ","level":"error","timestamp":"2021-03-22T22:42:50.265Z"}
{"message":"Mon Mar 22 2021 22:42:43 GMT+0000 - get vacations Failed - Expression #10 of SELECT list is not in GROUP BY clause and contains nonaggregated column 'vacation-app.followers.user_Id' which is not functionally dependent on columns in GROUP BY clause; this is incompatible with sql_mode=only_full_group_by ","level":"error","timestamp":"2021-03-22T22:42:51.205Z"}
{"message":"Tue Mar 23 2021 10:58:41 GMT+0000 - Login Failed - Access denied for user 'root'@'localhost' (using password: YES) ","level":"error","timestamp":"2021-03-23T18:28:16.160Z"}
{"message":"Tue Mar 23 2021 10:58:41 GMT+0000 - Login Failed - Access denied for user 'root'@'localhost' (using password: YES) ","level":"error","timestamp":"2021-03-23T18:28:22.039Z"}
{"message":"Tue Mar 23 2021 10:58:41 GMT+0000 - Login Failed - Access denied for user 'root'@'localhost' (using password: YES) ","level":"error","timestamp":"2021-03-23T18:28:27.025Z"}
{"message":"Tue Mar 23 2021 10:58:41 GMT+0000 - Login Failed - Access denied for user 'root'@'localhost' (using password: YES) ","level":"error","timestamp":"2021-03-23T18:28:30.612Z"}
{"message":"Tue Mar 23 2021 10:58:41 GMT+0000 - Login Failed - Access denied for user 'root'@'localhost' (using password: YES) ","level":"error","timestamp":"2021-03-23T18:28:42.360Z"}
{"message":"Tue Mar 23 2021 18:30:03 GMT+0000 - Login Failed - Invalid Password!\" ","level":"error","timestamp":"2021-03-23T18:30:18.329Z"}
{"message":"Tue Mar 23 2021 18:30:03 GMT+0000 - Login Failed - Invalid Password!\" ","level":"error","timestamp":"2021-03-23T23:21:02.490Z"}
{"message":"Wed Mar 24 2021 09:46:27 GMT+0000 - Login Failed - Invalid Password!\" ","level":"error","timestamp":"2021-03-24T09:52:10.448Z"}
{"message":"Wed Mar 24 2021 09:57:28 GMT+0000 - get vacations Failed - You have an error in your SQL syntax; check the manual that corresponds to your MySQL server version for the right syntax to use near 'vacation.destination AS destination,\n    vacation.description AS description,\n  ' at line 3 ","level":"error","timestamp":"2021-03-24T09:57:33.949Z"}
{"message":"Wed Mar 24 2021 09:58:21 GMT+0000 - get vacations Failed - Too many connections ","level":"error","timestamp":"2021-03-24T14:22:28.912Z"}
{"message":"Wed Mar 24 2021 09:58:21 GMT+0000 - get vacations Failed - Too many connections ","level":"error","timestamp":"2021-03-24T14:22:28.919Z"}
{"message":"Wed Mar 24 2021 09:58:21 GMT+0000 - get vacations Failed - Too many connections ","level":"error","timestamp":"2021-03-24T14:22:28.928Z"}
{"message":"Wed Mar 24 2021 09:58:21 GMT+0000 - get vacations Failed - Too many connections ","level":"error","timestamp":"2021-03-24T14:22:28.936Z"}
{"message":"Wed Mar 24 2021 09:58:21 GMT+0000 - get vacations Failed - Too many connections ","level":"error","timestamp":"2021-03-24T14:22:28.943Z"}
{"message":"Wed Mar 24 2021 09:58:21 GMT+0000 - get vacations Failed - Too many connections ","level":"error","timestamp":"2021-03-24T14:22:28.945Z"}
{"message":"Wed Mar 24 2021 09:58:21 GMT+0000 - get vacations Failed - Too many connections ","level":"error","timestamp":"2021-03-24T14:22:32.186Z"}
{"message":"Wed Mar 24 2021 09:58:21 GMT+0000 - get vacations Failed - Too many connections ","level":"error","timestamp":"2021-03-24T14:22:32.194Z"}
{"message":"Wed Mar 24 2021 09:58:21 GMT+0000 - get vacations Failed - Too many connections ","level":"error","timestamp":"2021-03-24T14:22:32.195Z"}
{"message":"Wed Mar 24 2021 09:58:21 GMT+0000 - get vacations Failed - Too many connections ","level":"error","timestamp":"2021-03-24T14:22:32.205Z"}
{"message":"Wed Mar 24 2021 09:58:21 GMT+0000 - get vacations Failed - Too many connections ","level":"error","timestamp":"2021-03-24T14:22:32.211Z"}
{"message":"Wed Mar 24 2021 09:58:21 GMT+0000 - get vacations Failed - Too many connections ","level":"error","timestamp":"2021-03-24T14:22:32.217Z"}
{"message":"Wed Mar 24 2021 09:58:21 GMT+0000 - get vacations Failed - Too many connections ","level":"error","timestamp":"2021-03-24T14:22:32.225Z"}
{"message":"Wed Mar 24 2021 09:58:21 GMT+0000 - get vacations Failed - Too many connections ","level":"error","timestamp":"2021-03-24T14:22:32.230Z"}
{"message":"Wed Mar 24 2021 09:58:21 GMT+0000 - get vacations Failed - Too many connections ","level":"error","timestamp":"2021-03-24T14:22:32.235Z"}
{"message":"Wed Mar 24 2021 09:58:21 GMT+0000 - get vacations Failed - Too many connections ","level":"error","timestamp":"2021-03-24T14:23:08.005Z"}
{"message":"Wed Mar 24 2021 09:58:21 GMT+0000 - get vacations Failed - Too many connections ","level":"error","timestamp":"2021-03-24T14:23:19.790Z"}
{"message":"Wed Mar 24 2021 14:23:43 GMT+0000 - edit vacation Failed - Cannot read property 'path' of undefined ","level":"error","timestamp":"2021-03-24T14:24:25.834Z"}
{"message":"Wed Mar 24 2021 14:23:43 GMT+0000 - edit vacation Failed - ENOENT: no such file or directory, unlink 'images/neel-1616423842132.jpeg' ","level":"error","timestamp":"2021-03-24T14:29:34.495Z"}
{"message":"Wed Mar 24 2021 14:23:43 GMT+0000 - edit vacation Failed - ENOENT: no such file or directory, unlink 'images/neel-1616423842132.jpeg' ","level":"error","timestamp":"2021-03-24T14:32:06.274Z"}
{"message":"Wed Mar 24 2021 14:33:27 GMT+0000 - edit vacation Failed - ENOENT: no such file or directory, unlink 'images/neel-1616423842132.jpeg' ","level":"error","timestamp":"2021-03-24T14:33:49.547Z"}
{"message":"Wed Mar 24 2021 14:34:32 GMT+0000 - edit vacation Failed - ENOENT: no such file or directory, unlink 'images/neel-1616423842132.jpeg' ","level":"error","timestamp":"2021-03-24T14:34:39.613Z"}
{"message":"Wed Mar 24 2021 14:35:03 GMT+0000 - edit vacation Failed - ENOENT: no such file or directory, unlink 'images/neel-1616423842132.jpeg' ","level":"error","timestamp":"2021-03-24T14:35:09.868Z"}
{"message":"Wed Mar 24 2021 14:43:59 GMT+0000 - edit vacation Failed - deleteImage is not defined ","level":"error","timestamp":"2021-03-24T14:44:08.521Z"}
{"message":"Wed Mar 24 2021 14:44:32 GMT+0000 - edit vacation Failed - deleteImage is not defined ","level":"error","timestamp":"2021-03-24T14:44:38.534Z"}
{"message":"Wed Mar 24 2021 14:44:32 GMT+0000 - edit vacation Failed - deleteImage is not defined ","level":"error","timestamp":"2021-03-24T14:45:04.385Z"}
{"message":"Wed Mar 24 2021 15:23:57 GMT+0000 - edit vacation Failed - Cannot read property 'path' of undefined ","level":"error","timestamp":"2021-03-24T15:25:54.716Z"}
{"message":"Wed Mar 24 2021 15:27:56 GMT+0000 - edit vacation Failed - Cannot read property 'path' of undefined ","level":"error","timestamp":"2021-03-24T15:28:15.177Z"}
{"message":"Wed Mar 24 2021 15:29:12 GMT+0000 - edit vacation Failed - Cannot read property 'path' of undefined ","level":"error","timestamp":"2021-03-24T15:29:21.744Z"}
{"message":"Wed Mar 24 2021 15:31:08 GMT+0000 - edit vacation Failed - Cannot read property 'path' of undefined ","level":"error","timestamp":"2021-03-24T15:31:26.041Z"}
{"message":"Wed Mar 24 2021 15:31:38 GMT+0000 - edit vacation Failed - Cannot read property 'path' of undefined ","level":"error","timestamp":"2021-03-24T15:32:01.086Z"}
{"message":"Wed Mar 24 2021 15:37:00 GMT+0000 - edit vacation Failed - Cannot read property 'path' of undefined ","level":"error","timestamp":"2021-03-24T15:37:07.618Z"}
{"message":"Wed Mar 24 2021 15:37:32 GMT+0000 - edit vacation Failed - Cannot read property 'path' of undefined ","level":"error","timestamp":"2021-03-24T15:37:36.279Z"}
{"message":"Wed Mar 24 2021 15:37:51 GMT+0000 - edit vacation Failed - Cannot read property 'path' of undefined ","level":"error","timestamp":"2021-03-24T15:37:54.428Z"}
{"message":"Wed Mar 24 2021 15:38:04 GMT+0000 - edit vacation Failed - Cannot read property 'path' of undefined ","level":"error","timestamp":"2021-03-24T15:38:09.402Z"}
{"message":"Wed Mar 24 2021 15:39:35 GMT+0000 - edit vacation Failed - Cannot read property 'path' of undefined ","level":"error","timestamp":"2021-03-24T15:39:58.037Z"}
{"message":"Wed Mar 24 2021 15:39:35 GMT+0000 - edit vacation Failed - Cannot read property 'path' of undefined ","level":"error","timestamp":"2021-03-24T15:40:45.305Z"}
{"message":"Wed Mar 24 2021 15:41:24 GMT+0000 - edit vacation Failed - Cannot read property 'path' of undefined ","level":"error","timestamp":"2021-03-24T15:41:28.514Z"}
{"message":"Wed Mar 24 2021 15:42:43 GMT+0000 - edit vacation Failed - Cannot read property 'path' of undefined ","level":"error","timestamp":"2021-03-24T15:43:03.080Z"}
{"message":"Wed Mar 24 2021 15:45:48 GMT+0000 - edit vacation Failed - Cannot read property 'path' of undefined ","level":"error","timestamp":"2021-03-24T15:45:52.915Z"}
{"message":"Wed Mar 24 2021 15:45:48 GMT+0000 - edit vacation Failed - Cannot read property 'path' of undefined ","level":"error","timestamp":"2021-03-24T15:46:00.411Z"}
{"message":"Wed Mar 24 2021 15:46:31 GMT+0000 - edit vacation Failed - Cannot read property 'path' of undefined ","level":"error","timestamp":"2021-03-24T15:46:38.301Z"}
{"message":"Wed Mar 24 2021 15:47:00 GMT+0000 - edit vacation Failed - Cannot read property 'path' of undefined ","level":"error","timestamp":"2021-03-24T15:47:06.085Z"}
{"message":"Wed Mar 24 2021 15:47:21 GMT+0000 - edit vacation Failed - Cannot read property 'path' of undefined ","level":"error","timestamp":"2021-03-24T15:47:29.505Z"}
{"message":"Wed Mar 24 2021 15:54:40 GMT+0000 - edit vacation Failed - Cannot read property 'path' of undefined ","level":"error","timestamp":"2021-03-24T15:54:44.782Z"}
{"message":"Wed Mar 24 2021 15:54:40 GMT+0000 - edit vacation Failed - Cannot read property 'path' of undefined ","level":"error","timestamp":"2021-03-24T15:54:52.223Z"}
{"message":"Wed Mar 24 2021 19:27:36 GMT+0000 - get vacations Failed - Expression #1 of SELECT list is not in GROUP BY clause and contains nonaggregated column 'vacation-app.vacation.id' which is not functionally dependent on columns in GROUP BY clause; this is incompatible with sql_mode=only_full_group_by ","level":"error","timestamp":"2021-03-24T19:28:10.029Z"}
{"message":"Wed Mar 24 2021 19:27:36 GMT+0000 - get vacations Failed - Expression #1 of SELECT list is not in GROUP BY clause and contains nonaggregated column 'vacation-app.vacation.id' which is not functionally dependent on columns in GROUP BY clause; this is incompatible with sql_mode=only_full_group_by ","level":"error","timestamp":"2021-03-24T19:28:17.060Z"}
{"message":"Wed Mar 24 2021 19:27:36 GMT+0000 - get vacations Failed - Expression #1 of SELECT list is not in GROUP BY clause and contains nonaggregated column 'vacation-app.vacation.id' which is not functionally dependent on columns in GROUP BY clause; this is incompatible with sql_mode=only_full_group_by ","level":"error","timestamp":"2021-03-24T19:28:22.156Z"}
{"message":"Wed Mar 24 2021 19:27:36 GMT+0000 - get vacations Failed - Expression #1 of SELECT list is not in GROUP BY clause and contains nonaggregated column 'vacation-app.vacation.id' which is not functionally dependent on columns in GROUP BY clause; this is incompatible with sql_mode=only_full_group_by ","level":"error","timestamp":"2021-03-24T19:28:44.190Z"}
{"message":"Wed Mar 24 2021 19:27:36 GMT+0000 - get vacations Failed - Expression #1 of SELECT list is not in GROUP BY clause and contains nonaggregated column 'vacation-app.vacation.id' which is not functionally dependent on columns in GROUP BY clause; this is incompatible with sql_mode=only_full_group_by ","level":"error","timestamp":"2021-03-24T19:28:45.128Z"}
{"message":"Mon Mar 29 2021 09:45:52 GMT+0000 - get vacations Failed - Expression #1 of SELECT list is not in GROUP BY clause and contains nonaggregated column 'vacation-app.vacation.id' which is not functionally dependent on columns in GROUP BY clause; this is incompatible with sql_mode=only_full_group_by ","level":"error","timestamp":"2021-03-29T09:56:08.006Z"}
{"message":"Mon Mar 29 2021 09:45:52 GMT+0000 - get vacations Failed - Expression #1 of SELECT list is not in GROUP BY clause and contains nonaggregated column 'vacation-app.vacation.id' which is not functionally dependent on columns in GROUP BY clause; this is incompatible with sql_mode=only_full_group_by ","level":"error","timestamp":"2021-03-29T09:56:08.798Z"}
{"message":"Mon Mar 29 2021 09:56:51 GMT+0000 - Login Failed - Invalid Password!\" ","level":"error","timestamp":"2021-03-29T11:00:58.963Z"}
{"message":"Mon Mar 29 2021 09:56:51 GMT+0000 - Login Failed - Invalid Password!\" ","level":"error","timestamp":"2021-03-29T11:02:31.481Z"}
{"message":"Mon Mar 29 2021 09:56:51 GMT+0000 - Login Failed - Invalid UserName!\" ","level":"error","timestamp":"2021-03-29T11:02:39.936Z"}
{"message":"Mon Mar 29 2021 09:56:51 GMT+0000 - Login Failed - Invalid UserName!\" ","level":"error","timestamp":"2021-03-29T11:03:08.414Z"}
{"message":"Mon Mar 29 2021 09:56:51 GMT+0000 - Login Failed - Invalid UserName!\" ","level":"error","timestamp":"2021-03-29T11:04:21.910Z"}
{"message":"Mon Mar 29 2021 09:56:51 GMT+0000 - Login Failed - Invalid UserName!\" ","level":"error","timestamp":"2021-03-29T11:10:02.203Z"}
{"message":"Mon Mar 29 2021 09:56:51 GMT+0000 - Login Failed - Invalid UserName!\" ","level":"error","timestamp":"2021-03-29T11:10:09.095Z"}
{"message":"Mon Mar 29 2021 09:56:51 GMT+0000 - Login Failed - Invalid UserName!\" ","level":"error","timestamp":"2021-03-29T11:10:10.409Z"}
{"message":"Mon Mar 29 2021 09:56:51 GMT+0000 - Login Failed - Invalid UserName!\" ","level":"error","timestamp":"2021-03-29T11:10:12.290Z"}
{"message":"Mon Mar 29 2021 09:56:51 GMT+0000 - Login Failed - Invalid UserName!\" ","level":"error","timestamp":"2021-03-29T11:10:13.308Z"}
{"message":"Mon Mar 29 2021 09:56:51 GMT+0000 - Login Failed - Invalid UserName!\" ","level":"error","timestamp":"2021-03-30T10:04:54.076Z"}
{"message":"Mon Mar 29 2021 09:56:51 GMT+0000 - Login Failed - Invalid UserName!\" ","level":"error","timestamp":"2021-03-30T10:05:00.666Z"}
{"message":"Mon Mar 29 2021 09:56:51 GMT+0000 - Login Failed - Invalid UserName!\" ","level":"error","timestamp":"2021-03-30T10:36:57.878Z"}
{"message":"Mon Mar 29 2021 09:56:51 GMT+0000 - Login Failed - Invalid UserName!\" ","level":"error","timestamp":"2021-03-30T10:38:41.881Z"}
{"message":"Mon Mar 29 2021 09:56:51 GMT+0000 - Login Failed - Invalid UserName!\" ","level":"error","timestamp":"2021-03-30T10:43:02.337Z"}
{"message":"Mon Mar 29 2021 09:56:51 GMT+0000 - Login Failed - Invalid UserName!\" ","level":"error","timestamp":"2021-03-30T10:44:58.847Z"}
{"message":"Mon Mar 29 2021 09:56:51 GMT+0000 - Login Failed - Invalid UserName!\" ","level":"error","timestamp":"2021-03-30T10:45:40.799Z"}
{"message":"Mon Mar 29 2021 09:56:51 GMT+0000 - Login Failed - Invalid UserName!\" ","level":"error","timestamp":"2021-03-30T10:45:55.422Z"}
{"message":"Mon Mar 29 2021 09:56:51 GMT+0000 - Login Failed - Invalid Password!\" ","level":"error","timestamp":"2021-03-30T10:46:29.216Z"}
{"message":"Mon Mar 29 2021 09:56:51 GMT+0000 - Login Failed - Invalid UserName!\" ","level":"error","timestamp":"2021-03-30T10:49:54.592Z"}
{"message":"Mon Mar 29 2021 09:56:51 GMT+0000 - Login Failed - Invalid UserName!\" ","level":"error","timestamp":"2021-03-30T10:50:35.385Z"}
{"message":"Mon Mar 29 2021 09:56:51 GMT+0000 - Login Failed - Invalid UserName!\" ","level":"error","timestamp":"2021-03-30T10:51:04.460Z"}
{"message":"Mon Mar 29 2021 09:56:51 GMT+0000 - Login Failed - Invalid UserName!\" ","level":"error","timestamp":"2021-03-30T10:51:22.410Z"}
{"message":"Mon Mar 29 2021 09:56:51 GMT+0000 - Login Failed - Invalid UserName!\" ","level":"error","timestamp":"2021-03-30T10:51:24.453Z"}
{"message":"Mon Mar 29 2021 09:56:51 GMT+0000 - Login Failed - Invalid UserName!\" ","level":"error","timestamp":"2021-03-30T10:51:29.661Z"}
{"message":"Mon Mar 29 2021 09:56:51 GMT+0000 - Login Failed - Invalid UserName!\" ","level":"error","timestamp":"2021-03-30T10:51:35.769Z"}
{"message":"Mon Mar 29 2021 09:56:51 GMT+0000 - Login Failed - Invalid UserName!\" ","level":"error","timestamp":"2021-03-30T10:51:47.997Z"}
{"message":"Mon Mar 29 2021 09:56:51 GMT+0000 - Login Failed - Invalid UserName!\" ","level":"error","timestamp":"2021-03-30T10:52:11.826Z"}
{"message":"Mon Mar 29 2021 09:56:51 GMT+0000 - Login Failed - Invalid UserName!\" ","level":"error","timestamp":"2021-03-30T10:52:54.348Z"}
{"message":"Mon Mar 29 2021 09:56:51 GMT+0000 - Login Failed - Invalid UserName!\" ","level":"error","timestamp":"2021-03-30T10:53:10.154Z"}
{"message":"Mon Mar 29 2021 09:56:51 GMT+0000 - Login Failed - Invalid UserName!\" ","level":"error","timestamp":"2021-03-30T10:53:11.344Z"}
{"message":"Mon Mar 29 2021 09:56:51 GMT+0000 - Login Failed - Invalid UserName!\" ","level":"error","timestamp":"2021-03-30T21:55:12.856Z"}
{"message":"Mon Mar 29 2021 09:56:51 GMT+0000 - Login Failed - Invalid UserName!\" ","level":"error","timestamp":"2021-03-30T21:55:17.864Z"}
{"message":"Mon Mar 29 2021 09:56:51 GMT+0000 - Login Failed - Invalid UserName!\" ","level":"error","timestamp":"2021-03-30T21:55:20.973Z"}
{"message":"Mon Mar 29 2021 09:56:51 GMT+0000 - Login Failed - Invalid UserName!\" ","level":"error","timestamp":"2021-03-30T21:55:24.806Z"}
{"message":"Mon Mar 29 2021 09:56:51 GMT+0000 - Login Failed - Invalid UserName!\" ","level":"error","timestamp":"2021-03-30T21:55:51.706Z"}
{"message":"Mon Mar 29 2021 09:56:51 GMT+0000 - Login Failed - Invalid UserName!\" ","level":"error","timestamp":"2021-03-30T22:02:56.938Z"}
{"message":"Tue Mar 30 2021 22:32:10 GMT+0000 - Login Failed - Invalid UserName!\" ","level":"error","timestamp":"2021-03-30T22:44:04.701Z"}
{"message":"Tue Mar 30 2021 22:32:10 GMT+0000 - Login Failed - Invalid UserName!\" ","level":"error","timestamp":"2021-03-30T22:44:38.433Z"}
{"message":"Tue Mar 30 2021 22:32:10 GMT+0000 - Login Failed - Invalid UserName!\" ","level":"error","timestamp":"2021-03-30T22:44:44.407Z"}
{"message":"Tue Mar 30 2021 22:32:10 GMT+0000 - Login Failed - Invalid UserName!\" ","level":"error","timestamp":"2021-03-30T22:45:24.966Z"}
{"message":"Tue Mar 30 2021 22:32:10 GMT+0000 - Login Failed - Invalid Password!\" ","level":"error","timestamp":"2021-03-30T22:45:36.141Z"}
{"message":"Tue Mar 30 2021 22:32:10 GMT+0000 - Login Failed - Invalid Password!\" ","level":"error","timestamp":"2021-03-30T22:46:42.503Z"}
{"message":"Tue Mar 30 2021 22:48:29 GMT+0000 - Login Failed - Invalid UserName!\" ","level":"error","timestamp":"2021-03-30T22:48:34.311Z"}
{"message":"Tue Mar 30 2021 22:49:59 GMT+0000 - Login Failed - Invalid UserName!\" ","level":"error","timestamp":"2021-03-30T22:50:37.632Z"}
{"message":"Tue Mar 30 2021 22:49:59 GMT+0000 - Login Failed - Invalid Password!\" ","level":"error","timestamp":"2021-03-30T22:51:15.032Z"}
{"message":"Tue Mar 30 2021 22:49:59 GMT+0000 - Login Failed - Invalid Password!\" ","level":"error","timestamp":"2021-03-30T22:51:49.141Z"}
{"message":"Tue Mar 30 2021 22:49:59 GMT+0000 - Login Failed - Invalid UserName!\" ","level":"error","timestamp":"2021-03-30T22:52:05.089Z"}
{"message":"Tue Mar 30 2021 22:49:59 GMT+0000 - Login Failed - Invalid UserName!\" ","level":"error","timestamp":"2021-03-30T22:52:48.669Z"}
{"message":"Tue Mar 30 2021 22:49:59 GMT+0000 - edit vacation Failed - Cannot read property 'path' of undefined ","level":"error","timestamp":"2021-03-31T07:11:22.921Z"}
{"message":"Tue Mar 30 2021 22:49:59 GMT+0000 - edit vacation Failed - Cannot read property 'path' of undefined ","level":"error","timestamp":"2021-03-31T07:11:37.339Z"}
{"message":"Wed Mar 31 2021 08:45:06 GMT+0000 - get vacations Failed - Too many connections ","level":"error","timestamp":"2021-03-31T10:55:00.539Z"}
{"message":"Sun Apr 04 2021 14:31:41 GMT+0000 - Registration Failed - User aya is already exist ","level":"error","timestamp":"2021-04-04T14:31:44.643Z"}
{"message":"Sun Apr 04 2021 14:31:41 GMT+0000 - Registration Failed - User aya is already exist ","level":"error","timestamp":"2021-04-04T14:32:59.142Z"}
{"message":"Sun Apr 04 2021 14:33:05 GMT+0000 - Registration Failed - User aya is already exist ","level":"error","timestamp":"2021-04-04T14:33:13.790Z"}
{"message":"Sun Apr 04 2021 14:33:05 GMT+0000 - Registration Failed - User aya is already exist ","level":"error","timestamp":"2021-04-04T14:34:08.895Z"}
{"message":"Sun Apr 04 2021 14:40:13 GMT+0000 - Registration Failed - User neel is already exist ","level":"error","timestamp":"2021-04-04T14:40:23.608Z"}
{"message":"Sun Apr 04 2021 14:40:50 GMT+0000 - Registration Failed - User neel is already exist ","level":"error","timestamp":"2021-04-04T14:40:53.658Z"}
{"message":"Sun Apr 04 2021 14:40:50 GMT+0000 - Registration Failed - User neel is already exist ","level":"error","timestamp":"2021-04-04T14:41:07.418Z"}
{"message":"Sun Apr 04 2021 14:41:45 GMT+0000 - Registration Failed - User neel is already exist ","level":"error","timestamp":"2021-04-04T14:41:46.989Z"}
{"message":"Sun Apr 04 2021 14:41:45 GMT+0000 - Registration Failed - User neel is already exist ","level":"error","timestamp":"2021-04-04T14:41:58.075Z"}
{"message":"Sun Apr 04 2021 14:41:45 GMT+0000 - Registration Failed - User neel is already exist ","level":"error","timestamp":"2021-04-04T14:42:27.865Z"}
{"message":"Sun Apr 04 2021 14:41:45 GMT+0000 - Registration Failed - User neel is already exist ","level":"error","timestamp":"2021-04-04T14:42:39.355Z"}
{"message":"Sun Apr 04 2021 14:41:45 GMT+0000 - Registration Failed - User neel is already exist ","level":"error","timestamp":"2021-04-04T14:43:46.005Z"}
{"message":"Sun Apr 04 2021 14:50:40 GMT+0000 - Registration Failed - User neel is already exist ","level":"error","timestamp":"2021-04-04T14:50:41.685Z"}
{"message":"Sun Apr 04 2021 14:51:08 GMT+0000 - Registration Failed - User neel is already exist ","level":"error","timestamp":"2021-04-04T14:51:13.730Z"}
{"message":"Sun Apr 04 2021 14:51:08 GMT+0000 - Registration Failed - User neel is already exist ","level":"error","timestamp":"2021-04-04T14:52:33.469Z"}
{"message":"Sun Apr 04 2021 14:51:09 GMT+0000 - edit vacation Failed - Cannot read property 'path' of undefined ","level":"error","timestamp":"2021-04-04T16:01:46.308Z"}
{"message":"Sun Apr 04 2021 19:44:49 GMT+0000 - edit vacation Failed - Cannot read property 'path' of undefined ","level":"error","timestamp":"2021-04-04T19:46:45.931Z"}
